# JRE version: OpenJDK Runtime Environment (18.0.2+9) (build 18.0.2+9-61)
# Java VM: OpenJDK 64-Bit Server VM (18.0.2+9-61, mixed mode, sharing, tiered, compressed oops, compressed class ptrs, g1 gc, linux-amd64)
Heap:
 garbage-first heap   total 249856K, used 184102K [0x0000000710200000, 0x0000000800000000)
  region size 2048K, 65 young (133120K), 3 survivors (6144K)
 Metaspace       used 18617K, committed 18880K, reserved 1114112K
  class space    used 1981K, committed 2112K, reserved 1048576K
GC Heap History (10 events):
Event: 1.381 GC heap before
{Heap before GC invocations=0 (full 0):
 garbage-first heap   total 249856K, used 51116K [0x0000000710200000, 0x0000000800000000)
  region size 2048K, 11 young (22528K), 0 survivors (0K)
 Metaspace       used 11818K, committed 12032K, reserved 1114112K
  class space    used 1278K, committed 1344K, reserved 1048576K
}
Event: 1.387 GC heap after
{Heap after GC invocations=1 (full 0):
 garbage-first heap   total 249856K, used 32455K [0x0000000710200000, 0x0000000800000000)
  region size 2048K, 2 young (4096K), 2 survivors (4096K)
 Metaspace       used 11818K, committed 12032K, reserved 1114112K
  class space    used 1278K, committed 1344K, reserved 1048576K
}
Event: 1.902 GC heap before
{Heap before GC invocations=1 (full 0):
 garbage-first heap   total 249856K, used 81607K [0x0000000710200000, 0x0000000800000000)
  region size 2048K, 19 young (38912K), 2 survivors (4096K)
 Metaspace       used 17990K, committed 18240K, reserved 1114112K
  class space    used 1966K, committed 2112K, reserved 1048576K
}
Event: 1.910 GC heap after
{Heap after GC invocations=2 (full 0):
 garbage-first heap   total 249856K, used 53257K [0x0000000710200000, 0x0000000800000000)
  region size 2048K, 3 young (6144K), 3 survivors (6144K)
 Metaspace       used 17990K, committed 18240K, reserved 1114112K
  class space    used 1966K, committed 2112K, reserved 1048576K
}
Event: 2.232 GC heap before
{Heap before GC invocations=2 (full 0):
 garbage-first heap   total 249856K, used 118793K [0x0000000710200000, 0x0000000800000000)
  region size 2048K, 35 young (71680K), 3 survivors (6144K)
 Metaspace       used 18105K, committed 18432K, reserved 1114112K
  class space    used 1967K, committed 2112K, reserved 1048576K
}
Event: 2.236 GC heap after
{Heap after GC invocations=3 (full 0):
 garbage-first heap   total 249856K, used 53102K [0x0000000710200000, 0x0000000800000000)
  region size 2048K, 3 young (6144K), 3 survivors (6144K)
 Metaspace       used 18105K, committed 18432K, reserved 1114112K
  class space    used 1967K, committed 2112K, reserved 1048576K
}
Event: 2.830 GC heap before
{Heap before GC invocations=3 (full 0):
 garbage-first heap   total 249856K, used 198510K [0x0000000710200000, 0x0000000800000000)
  region size 2048K, 72 young (147456K), 3 survivors (6144K)
 Metaspace       used 18334K, committed 18624K, reserved 1114112K
  class space    used 1976K, committed 2112K, reserved 1048576K
}
Event: 2.833 GC heap after
{Heap after GC invocations=4 (full 0):
 garbage-first heap   total 249856K, used 57322K [0x0000000710200000, 0x0000000800000000)
  region size 2048K, 3 young (6144K), 3 survivors (6144K)
 Metaspace       used 18334K, committed 18624K, reserved 1114112K
  class space    used 1976K, committed 2112K, reserved 1048576K
}
Event: 3.529 GC heap before
{Heap before GC invocations=4 (full 0):
 garbage-first heap   total 249856K, used 198634K [0x0000000710200000, 0x0000000800000000)
  region size 2048K, 73 young (149504K), 3 survivors (6144K)
 Metaspace       used 18474K, committed 18752K, reserved 1114112K
  class space    used 1976K, committed 2112K, reserved 1048576K
}
Event: 3.532 GC heap after
{Heap after GC invocations=5 (full 0):
 garbage-first heap   total 249856K, used 57409K [0x0000000710200000, 0x0000000800000000)
  region size 2048K, 3 young (6144K), 3 survivors (6144K)
 Metaspace       used 18474K, committed 18752K, reserved 1114112K
  class space    used 1976K, committed 2112K, reserved 1048576K
}

